  源.cpp
D:\20220518桌面文件\19.现代C++语言核心特性解析\04.01 typeid\源.cpp(11,21): error C2679: 二元“<<”: 没有找到接受“const type_info”类型的右操作数的运算符(或没有可接受的转换)
D:\Microsoft Visual Studio\2022\Community\VC\Tools\MSVC\14.31.31103\include\ostream(471,39): message : 可能是“std::basic_ostream<char,std::char_traits<char>> &std::basic_ostream<char,std::char_traits<char>>::operator <<(std::basic_streambuf<char,std::char_traits<char>> *)”
D:\Microsoft Visual Studio\2022\Community\VC\Tools\MSVC\14.31.31103\include\ostream(439,39): message : 或    “std::basic_ostream<char,std::char_traits<char>> &std::basic_ostream<char,std::char_traits<char>>::operator <<(const void *)”
D:\Microsoft Visual Studio\2022\Community\VC\Tools\MSVC\14.31.31103\include\ostream(421,39): message : 或    “std::basic_ostream<char,std::char_traits<char>> &std::basic_ostream<char,std::char_traits<char>>::operator <<(long double)”
D:\Microsoft Visual Studio\2022\Community\VC\Tools\MSVC\14.31.31103\include\ostream(403,39): message : 或    “std::basic_ostream<char,std::char_traits<char>> &std::basic_ostream<char,std::char_traits<char>>::operator <<(double)”
D:\Microsoft Visual Studio\2022\Community\VC\Tools\MSVC\14.31.31103\include\ostream(385,39): message : 或    “std::basic_ostream<char,std::char_traits<char>> &std::basic_ostream<char,std::char_traits<char>>::operator <<(float)”
D:\Microsoft Visual Studio\2022\Community\VC\Tools\MSVC\14.31.31103\include\ostream(367,39): message : 或    “std::basic_ostream<char,std::char_traits<char>> &std::basic_ostream<char,std::char_traits<char>>::operator <<(unsigned __int64)”
D:\Microsoft Visual Studio\2022\Community\VC\Tools\MSVC\14.31.31103\include\ostream(349,39): message : 或    “std::basic_ostream<char,std::char_traits<char>> &std::basic_ostream<char,std::char_traits<char>>::operator <<(__int64)”
D:\Microsoft Visual Studio\2022\Community\VC\Tools\MSVC\14.31.31103\include\ostream(331,39): message : 或    “std::basic_ostream<char,std::char_traits<char>> &std::basic_ostream<char,std::char_traits<char>>::operator <<(unsigned long)”
D:\Microsoft Visual Studio\2022\Community\VC\Tools\MSVC\14.31.31103\include\ostream(313,39): message : 或    “std::basic_ostream<char,std::char_traits<char>> &std::basic_ostream<char,std::char_traits<char>>::operator <<(long)”
D:\Microsoft Visual Studio\2022\Community\VC\Tools\MSVC\14.31.31103\include\ostream(294,39): message : 或    “std::basic_ostream<char,std::char_traits<char>> &std::basic_ostream<char,std::char_traits<char>>::operator <<(unsigned int)”
D:\Microsoft Visual Studio\2022\Community\VC\Tools\MSVC\14.31.31103\include\ostream(268,39): message : 或    “std::basic_ostream<char,std::char_traits<char>> &std::basic_ostream<char,std::char_traits<char>>::operator <<(int)”
D:\Microsoft Visual Studio\2022\Community\VC\Tools\MSVC\14.31.31103\include\ostream(249,39): message : 或    “std::basic_ostream<char,std::char_traits<char>> &std::basic_ostream<char,std::char_traits<char>>::operator <<(unsigned short)”
D:\Microsoft Visual Studio\2022\Community\VC\Tools\MSVC\14.31.31103\include\ostream(215,39): message : 或    “std::basic_ostream<char,std::char_traits<char>> &std::basic_ostream<char,std::char_traits<char>>::operator <<(short)”
D:\Microsoft Visual Studio\2022\Community\VC\Tools\MSVC\14.31.31103\include\ostream(197,39): message : 或    “std::basic_ostream<char,std::char_traits<char>> &std::basic_ostream<char,std::char_traits<char>>::operator <<(bool)”
D:\Microsoft Visual Studio\2022\Community\VC\Tools\MSVC\14.31.31103\include\ostream(192,39): message : 或    “std::basic_ostream<char,std::char_traits<char>> &std::basic_ostream<char,std::char_traits<char>>::operator <<(std::ios_base &(__cdecl *)(std::ios_base &))”
D:\Microsoft Visual Studio\2022\Community\VC\Tools\MSVC\14.31.31103\include\ostream(187,39): message : 或    “std::basic_ostream<char,std::char_traits<char>> &std::basic_ostream<char,std::char_traits<char>>::operator <<(std::basic_ios<char,std::char_traits<char>> &(__cdecl *)(std::basic_ios<char,std::char_traits<char>> &))”
D:\Microsoft Visual Studio\2022\Community\VC\Tools\MSVC\14.31.31103\include\ostream(182,39): message : 或    “std::basic_ostream<char,std::char_traits<char>> &std::basic_ostream<char,std::char_traits<char>>::operator <<(std::basic_ostream<char,std::char_traits<char>> &(__cdecl *)(std::basic_ostream<char,std::char_traits<char>> &))”
D:\20220518桌面文件\19.现代C++语言核心特性解析\04.01 typeid\源.cpp(11,21): message : 尝试匹配参数列表“(std::ostream, const type_info)”时
